<?xml version="1.0" encoding="UTF-8"?>
<testsuite xmlns:xsi="http://www.w3.org/2001/XMLSchema-instance" xsi:noNamespaceSchemaLocation="https://maven.apache.org/surefire/maven-surefire-plugin/xsd/surefire-test-report-3.0.xsd" version="3.0" name="com.taskmanager.repository.mybatis.mapper.UserMapperTest" time="22.579" tests="4" errors="0" skipped="0" failures="0">
  <properties>
    <property name="java.specification.version" value="22"/>
    <property name="sun.jnu.encoding" value="UTF-8"/>
    <property name="java.class.path" value="/home/prostoede/Рабочий стол/вкр/project/target/test-classes:/home/prostoede/Рабочий стол/вкр/project/target/classes:/home/prostoede/.m2/repository/org/springframework/boot/spring-boot-starter-web/3.3.1/spring-boot-starter-web-3.3.1.jar:/home/prostoede/.m2/repository/org/springframework/boot/spring-boot-starter/3.3.1/spring-boot-starter-3.3.1.jar:/home/prostoede/.m2/repository/org/springframework/boot/spring-boot/3.3.1/spring-boot-3.3.1.jar:/home/prostoede/.m2/repository/org/springframework/boot/spring-boot-autoconfigure/3.3.1/spring-boot-autoconfigure-3.3.1.jar:/home/prostoede/.m2/repository/org/springframework/boot/spring-boot-starter-logging/3.3.1/spring-boot-starter-logging-3.3.1.jar:/home/prostoede/.m2/repository/ch/qos/logback/logback-classic/1.5.6/logback-classic-1.5.6.jar:/home/prostoede/.m2/repository/ch/qos/logback/logback-core/1.5.6/logback-core-1.5.6.jar:/home/prostoede/.m2/repository/org/apache/logging/log4j/log4j-to-slf4j/2.23.1/log4j-to-slf4j-2.23.1.jar:/home/prostoede/.m2/repository/org/apache/logging/log4j/log4j-api/2.23.1/log4j-api-2.23.1.jar:/home/prostoede/.m2/repository/org/slf4j/jul-to-slf4j/2.0.13/jul-to-slf4j-2.0.13.jar:/home/prostoede/.m2/repository/jakarta/annotation/jakarta.annotation-api/2.1.1/jakarta.annotation-api-2.1.1.jar:/home/prostoede/.m2/repository/org/yaml/snakeyaml/2.2/snakeyaml-2.2.jar:/home/prostoede/.m2/repository/org/springframework/boot/spring-boot-starter-json/3.3.1/spring-boot-starter-json-3.3.1.jar:/home/prostoede/.m2/repository/com/fasterxml/jackson/datatype/jackson-datatype-jdk8/2.17.1/jackson-datatype-jdk8-2.17.1.jar:/home/prostoede/.m2/repository/com/fasterxml/jackson/datatype/jackson-datatype-jsr310/2.17.1/jackson-datatype-jsr310-2.17.1.jar:/home/prostoede/.m2/repository/com/fasterxml/jackson/module/jackson-module-parameter-names/2.17.1/jackson-module-parameter-names-2.17.1.jar:/home/prostoede/.m2/repository/org/springframework/boot/spring-boot-starter-tomcat/3.3.1/spring-boot-starter-tomcat-3.3.1.jar:/home/prostoede/.m2/repository/org/apache/tomcat/embed/tomcat-embed-core/10.1.25/tomcat-embed-core-10.1.25.jar:/home/prostoede/.m2/repository/org/apache/tomcat/embed/tomcat-embed-el/10.1.25/tomcat-embed-el-10.1.25.jar:/home/prostoede/.m2/repository/org/apache/tomcat/embed/tomcat-embed-websocket/10.1.25/tomcat-embed-websocket-10.1.25.jar:/home/prostoede/.m2/repository/org/springframework/spring-web/6.1.10/spring-web-6.1.10.jar:/home/prostoede/.m2/repository/org/springframework/spring-beans/6.1.10/spring-beans-6.1.10.jar:/home/prostoede/.m2/repository/io/micrometer/micrometer-observation/1.13.1/micrometer-observation-1.13.1.jar:/home/prostoede/.m2/repository/io/micrometer/micrometer-commons/1.13.1/micrometer-commons-1.13.1.jar:/home/prostoede/.m2/repository/org/springframework/spring-webmvc/6.1.10/spring-webmvc-6.1.10.jar:/home/prostoede/.m2/repository/org/springframework/spring-context/6.1.10/spring-context-6.1.10.jar:/home/prostoede/.m2/repository/org/springframework/spring-expression/6.1.10/spring-expression-6.1.10.jar:/home/prostoede/.m2/repository/org/mybatis/spring/boot/mybatis-spring-boot-starter/3.0.3/mybatis-spring-boot-starter-3.0.3.jar:/home/prostoede/.m2/repository/org/springframework/boot/spring-boot-starter-jdbc/3.3.1/spring-boot-starter-jdbc-3.3.1.jar:/home/prostoede/.m2/repository/com/zaxxer/HikariCP/5.1.0/HikariCP-5.1.0.jar:/home/prostoede/.m2/repository/org/springframework/spring-jdbc/6.1.10/spring-jdbc-6.1.10.jar:/home/prostoede/.m2/repository/org/mybatis/spring/boot/mybatis-spring-boot-autoconfigure/3.0.3/mybatis-spring-boot-autoconfigure-3.0.3.jar:/home/prostoede/.m2/repository/org/mybatis/mybatis/3.5.14/mybatis-3.5.14.jar:/home/prostoede/.m2/repository/org/mybatis/mybatis-spring/3.0.3/mybatis-spring-3.0.3.jar:/home/prostoede/.m2/repository/org/springframework/boot/spring-boot-starter-data-jdbc/3.3.1/spring-boot-starter-data-jdbc-3.3.1.jar:/home/prostoede/.m2/repository/org/springframework/data/spring-data-jdbc/3.3.1/spring-data-jdbc-3.3.1.jar:/home/prostoede/.m2/repository/org/springframework/data/spring-data-relational/3.3.1/spring-data-relational-3.3.1.jar:/home/prostoede/.m2/repository/org/springframework/data/spring-data-commons/3.3.1/spring-data-commons-3.3.1.jar:/home/prostoede/.m2/repository/org/springframework/spring-tx/6.1.10/spring-tx-6.1.10.jar:/home/prostoede/.m2/repository/org/slf4j/slf4j-api/2.0.13/slf4j-api-2.0.13.jar:/home/prostoede/.m2/repository/org/springdoc/springdoc-openapi-starter-webmvc-ui/2.1.0/springdoc-openapi-starter-webmvc-ui-2.1.0.jar:/home/prostoede/.m2/repository/org/springdoc/springdoc-openapi-starter-webmvc-api/2.1.0/springdoc-openapi-starter-webmvc-api-2.1.0.jar:/home/prostoede/.m2/repository/org/springdoc/springdoc-openapi-starter-common/2.1.0/springdoc-openapi-starter-common-2.1.0.jar:/home/prostoede/.m2/repository/io/swagger/core/v3/swagger-core-jakarta/2.2.9/swagger-core-jakarta-2.2.9.jar:/home/prostoede/.m2/repository/org/apache/commons/commons-lang3/3.14.0/commons-lang3-3.14.0.jar:/home/prostoede/.m2/repository/io/swagger/core/v3/swagger-annotations-jakarta/2.2.9/swagger-annotations-jakarta-2.2.9.jar:/home/prostoede/.m2/repository/io/swagger/core/v3/swagger-models-jakarta/2.2.9/swagger-models-jakarta-2.2.9.jar:/home/prostoede/.m2/repository/com/fasterxml/jackson/dataformat/jackson-dataformat-yaml/2.17.1/jackson-dataformat-yaml-2.17.1.jar:/home/prostoede/.m2/repository/org/webjars/swagger-ui/4.18.2/swagger-ui-4.18.2.jar:/home/prostoede/.m2/repository/org/springframework/boot/spring-boot-starter-data-jpa/3.3.1/spring-boot-starter-data-jpa-3.3.1.jar:/home/prostoede/.m2/repository/org/springframework/boot/spring-boot-starter-aop/3.3.1/spring-boot-starter-aop-3.3.1.jar:/home/prostoede/.m2/repository/org/aspectj/aspectjweaver/1.9.22/aspectjweaver-1.9.22.jar:/home/prostoede/.m2/repository/org/hibernate/orm/hibernate-core/6.5.2.Final/hibernate-core-6.5.2.Final.jar:/home/prostoede/.m2/repository/jakarta/persistence/jakarta.persistence-api/3.1.0/jakarta.persistence-api-3.1.0.jar:/home/prostoede/.m2/repository/jakarta/transaction/jakarta.transaction-api/2.0.1/jakarta.transaction-api-2.0.1.jar:/home/prostoede/.m2/repository/org/jboss/logging/jboss-logging/3.5.3.Final/jboss-logging-3.5.3.Final.jar:/home/prostoede/.m2/repository/org/hibernate/common/hibernate-commons-annotations/6.0.6.Final/hibernate-commons-annotations-6.0.6.Final.jar:/home/prostoede/.m2/repository/io/smallrye/jandex/3.1.2/jandex-3.1.2.jar:/home/prostoede/.m2/repository/com/fasterxml/classmate/1.7.0/classmate-1.7.0.jar:/home/prostoede/.m2/repository/net/bytebuddy/byte-buddy/1.14.17/byte-buddy-1.14.17.jar:/home/prostoede/.m2/repository/org/glassfish/jaxb/jaxb-runtime/4.0.5/jaxb-runtime-4.0.5.jar:/home/prostoede/.m2/repository/org/glassfish/jaxb/jaxb-core/4.0.5/jaxb-core-4.0.5.jar:/home/prostoede/.m2/repository/org/eclipse/angus/angus-activation/2.0.2/angus-activation-2.0.2.jar:/home/prostoede/.m2/repository/org/glassfish/jaxb/txw2/4.0.5/txw2-4.0.5.jar:/home/prostoede/.m2/repository/com/sun/istack/istack-commons-runtime/4.1.2/istack-commons-runtime-4.1.2.jar:/home/prostoede/.m2/repository/jakarta/inject/jakarta.inject-api/2.0.1/jakarta.inject-api-2.0.1.jar:/home/prostoede/.m2/repository/org/antlr/antlr4-runtime/4.13.0/antlr4-runtime-4.13.0.jar:/home/prostoede/.m2/repository/org/springframework/data/spring-data-jpa/3.3.1/spring-data-jpa-3.3.1.jar:/home/prostoede/.m2/repository/org/springframework/spring-orm/6.1.10/spring-orm-6.1.10.jar:/home/prostoede/.m2/repository/org/springframework/spring-aspects/6.1.10/spring-aspects-6.1.10.jar:/home/prostoede/.m2/repository/org/springframework/boot/spring-boot-starter-security/3.3.1/spring-boot-starter-security-3.3.1.jar:/home/prostoede/.m2/repository/org/springframework/spring-aop/6.1.10/spring-aop-6.1.10.jar:/home/prostoede/.m2/repository/org/springframework/security/spring-security-config/6.3.1/spring-security-config-6.3.1.jar:/home/prostoede/.m2/repository/org/springframework/security/spring-security-web/6.3.1/spring-security-web-6.3.1.jar:/home/prostoede/.m2/repository/io/jsonwebtoken/jjwt-api/0.12.3/jjwt-api-0.12.3.jar:/home/prostoede/.m2/repository/io/jsonwebtoken/jjwt-impl/0.12.3/jjwt-impl-0.12.3.jar:/home/prostoede/.m2/repository/io/jsonwebtoken/jjwt-jackson/0.12.3/jjwt-jackson-0.12.3.jar:/home/prostoede/.m2/repository/com/fasterxml/jackson/core/jackson-databind/2.17.1/jackson-databind-2.17.1.jar:/home/prostoede/.m2/repository/com/fasterxml/jackson/core/jackson-annotations/2.17.1/jackson-annotations-2.17.1.jar:/home/prostoede/.m2/repository/com/fasterxml/jackson/core/jackson-core/2.17.1/jackson-core-2.17.1.jar:/home/prostoede/.m2/repository/org/projectlombok/lombok/1.18.32/lombok-1.18.32.jar:/home/prostoede/.m2/repository/org/postgresql/postgresql/42.7.3/postgresql-42.7.3.jar:/home/prostoede/.m2/repository/org/checkerframework/checker-qual/3.42.0/checker-qual-3.42.0.jar:/home/prostoede/.m2/repository/jakarta/validation/jakarta.validation-api/3.0.2/jakarta.validation-api-3.0.2.jar:/home/prostoede/.m2/repository/org/flywaydb/flyway-core/9.5.1/flyway-core-9.5.1.jar:/home/prostoede/.m2/repository/com/electronwill/night-config/toml/3.6.6/toml-3.6.6.jar:/home/prostoede/.m2/repository/com/electronwill/night-config/core/3.6.6/core-3.6.6.jar:/home/prostoede/.m2/repository/org/mybatis/spring/boot/mybatis-spring-boot-starter-test/3.0.3/mybatis-spring-boot-starter-test-3.0.3.jar:/home/prostoede/.m2/repository/org/mybatis/spring/boot/mybatis-spring-boot-test-autoconfigure/3.0.3/mybatis-spring-boot-test-autoconfigure-3.0.3.jar:/home/prostoede/.m2/repository/org/testcontainers/postgresql/1.19.8/postgresql-1.19.8.jar:/home/prostoede/.m2/repository/org/testcontainers/jdbc/1.19.8/jdbc-1.19.8.jar:/home/prostoede/.m2/repository/org/testcontainers/database-commons/1.19.8/database-commons-1.19.8.jar:/home/prostoede/.m2/repository/org/testcontainers/testcontainers/1.19.8/testcontainers-1.19.8.jar:/home/prostoede/.m2/repository/junit/junit/4.13.2/junit-4.13.2.jar:/home/prostoede/.m2/repository/org/hamcrest/hamcrest-core/2.2/hamcrest-core-2.2.jar:/home/prostoede/.m2/repository/org/apache/commons/commons-compress/1.24.0/commons-compress-1.24.0.jar:/home/prostoede/.m2/repository/org/rnorth/duct-tape/duct-tape/1.0.8/duct-tape-1.0.8.jar:/home/prostoede/.m2/repository/org/jetbrains/annotations/17.0.0/annotations-17.0.0.jar:/home/prostoede/.m2/repository/com/github/docker-java/docker-java-api/3.3.6/docker-java-api-3.3.6.jar:/home/prostoede/.m2/repository/com/github/docker-java/docker-java-transport-zerodep/3.3.6/docker-java-transport-zerodep-3.3.6.jar:/home/prostoede/.m2/repository/com/github/docker-java/docker-java-transport/3.3.6/docker-java-transport-3.3.6.jar:/home/prostoede/.m2/repository/net/java/dev/jna/jna/5.13.0/jna-5.13.0.jar:/home/prostoede/.m2/repository/org/springframework/boot/spring-boot-starter-test/3.3.1/spring-boot-starter-test-3.3.1.jar:/home/prostoede/.m2/repository/org/springframework/boot/spring-boot-test/3.3.1/spring-boot-test-3.3.1.jar:/home/prostoede/.m2/repository/org/springframework/boot/spring-boot-test-autoconfigure/3.3.1/spring-boot-test-autoconfigure-3.3.1.jar:/home/prostoede/.m2/repository/com/jayway/jsonpath/json-path/2.9.0/json-path-2.9.0.jar:/home/prostoede/.m2/repository/jakarta/xml/bind/jakarta.xml.bind-api/4.0.2/jakarta.xml.bind-api-4.0.2.jar:/home/prostoede/.m2/repository/jakarta/activation/jakarta.activation-api/2.1.3/jakarta.activation-api-2.1.3.jar:/home/prostoede/.m2/repository/net/minidev/json-smart/2.5.1/json-smart-2.5.1.jar:/home/prostoede/.m2/repository/net/minidev/accessors-smart/2.5.1/accessors-smart-2.5.1.jar:/home/prostoede/.m2/repository/org/ow2/asm/asm/9.6/asm-9.6.jar:/home/prostoede/.m2/repository/org/assertj/assertj-core/3.25.3/assertj-core-3.25.3.jar:/home/prostoede/.m2/repository/org/awaitility/awaitility/4.2.1/awaitility-4.2.1.jar:/home/prostoede/.m2/repository/org/hamcrest/hamcrest/2.2/hamcrest-2.2.jar:/home/prostoede/.m2/repository/org/junit/jupiter/junit-jupiter/5.10.2/junit-jupiter-5.10.2.jar:/home/prostoede/.m2/repository/org/junit/jupiter/junit-jupiter-api/5.10.2/junit-jupiter-api-5.10.2.jar:/home/prostoede/.m2/repository/org/opentest4j/opentest4j/1.3.0/opentest4j-1.3.0.jar:/home/prostoede/.m2/repository/org/junit/platform/junit-platform-commons/1.10.2/junit-platform-commons-1.10.2.jar:/home/prostoede/.m2/repository/org/apiguardian/apiguardian-api/1.1.2/apiguardian-api-1.1.2.jar:/home/prostoede/.m2/repository/org/junit/jupiter/junit-jupiter-params/5.10.2/junit-jupiter-params-5.10.2.jar:/home/prostoede/.m2/repository/org/junit/jupiter/junit-jupiter-engine/5.10.2/junit-jupiter-engine-5.10.2.jar:/home/prostoede/.m2/repository/org/junit/platform/junit-platform-engine/1.10.2/junit-platform-engine-1.10.2.jar:/home/prostoede/.m2/repository/org/mockito/mockito-core/5.11.0/mockito-core-5.11.0.jar:/home/prostoede/.m2/repository/net/bytebuddy/byte-buddy-agent/1.14.17/byte-buddy-agent-1.14.17.jar:/home/prostoede/.m2/repository/org/mockito/mockito-junit-jupiter/5.11.0/mockito-junit-jupiter-5.11.0.jar:/home/prostoede/.m2/repository/org/skyscreamer/jsonassert/1.5.1/jsonassert-1.5.1.jar:/home/prostoede/.m2/repository/com/vaadin/external/google/android-json/0.0.20131108.vaadin1/android-json-0.0.20131108.vaadin1.jar:/home/prostoede/.m2/repository/org/springframework/spring-core/6.1.10/spring-core-6.1.10.jar:/home/prostoede/.m2/repository/org/springframework/spring-jcl/6.1.10/spring-jcl-6.1.10.jar:/home/prostoede/.m2/repository/org/springframework/spring-test/6.1.10/spring-test-6.1.10.jar:/home/prostoede/.m2/repository/org/xmlunit/xmlunit-core/2.9.1/xmlunit-core-2.9.1.jar:/home/prostoede/.m2/repository/org/springframework/security/spring-security-test/6.3.1/spring-security-test-6.3.1.jar:/home/prostoede/.m2/repository/org/springframework/security/spring-security-core/6.3.1/spring-security-core-6.3.1.jar:/home/prostoede/.m2/repository/org/springframework/security/spring-security-crypto/6.3.1/spring-security-crypto-6.3.1.jar:/home/prostoede/.m2/repository/org/jeasy/easy-random-core/4.0.0/easy-random-core-4.0.0.jar:/home/prostoede/.m2/repository/org/objenesis/objenesis/3.0.1/objenesis-3.0.1.jar:/home/prostoede/.m2/repository/io/github/classgraph/classgraph/4.8.29/classgraph-4.8.29.jar:"/>
    <property name="java.vm.vendor" value="Oracle Corporation"/>
    <property name="sun.arch.data.model" value="64"/>
    <property name="java.vendor.url" value="https://java.oracle.com/"/>
    <property name="user.timezone" value="Asia/Novosibirsk"/>
    <property name="org.jboss.logging.provider" value="slf4j"/>
    <property name="os.name" value="Linux"/>
    <property name="java.vm.specification.version" value="22"/>
    <property name="sun.java.launcher" value="SUN_STANDARD"/>
    <property name="user.country" value="RU"/>
    <property name="sun.boot.library.path" value="/home/prostoede/.jdks/openjdk-22.0.1/lib"/>
    <property name="sun.java.command" value="/home/prostoede/Рабочий стол/вкр/project/target/surefire/surefirebooter-20250429131257335_3.jar /home/prostoede/Рабочий стол/вкр/project/target/surefire 2025-04-29T13-12-56_694-jvmRun1 surefire-20250429131257335_1tmp surefire_0-20250429131257335_2tmp"/>
    <property name="jdk.debug" value="release"/>
    <property name="surefire.test.class.path" value="/home/prostoede/Рабочий стол/вкр/project/target/test-classes:/home/prostoede/Рабочий стол/вкр/project/target/classes:/home/prostoede/.m2/repository/org/springframework/boot/spring-boot-starter-web/3.3.1/spring-boot-starter-web-3.3.1.jar:/home/prostoede/.m2/repository/org/springframework/boot/spring-boot-starter/3.3.1/spring-boot-starter-3.3.1.jar:/home/prostoede/.m2/repository/org/springframework/boot/spring-boot/3.3.1/spring-boot-3.3.1.jar:/home/prostoede/.m2/repository/org/springframework/boot/spring-boot-autoconfigure/3.3.1/spring-boot-autoconfigure-3.3.1.jar:/home/prostoede/.m2/repository/org/springframework/boot/spring-boot-starter-logging/3.3.1/spring-boot-starter-logging-3.3.1.jar:/home/prostoede/.m2/repository/ch/qos/logback/logback-classic/1.5.6/logback-classic-1.5.6.jar:/home/prostoede/.m2/repository/ch/qos/logback/logback-core/1.5.6/logback-core-1.5.6.jar:/home/prostoede/.m2/repository/org/apache/logging/log4j/log4j-to-slf4j/2.23.1/log4j-to-slf4j-2.23.1.jar:/home/prostoede/.m2/repository/org/apache/logging/log4j/log4j-api/2.23.1/log4j-api-2.23.1.jar:/home/prostoede/.m2/repository/org/slf4j/jul-to-slf4j/2.0.13/jul-to-slf4j-2.0.13.jar:/home/prostoede/.m2/repository/jakarta/annotation/jakarta.annotation-api/2.1.1/jakarta.annotation-api-2.1.1.jar:/home/prostoede/.m2/repository/org/yaml/snakeyaml/2.2/snakeyaml-2.2.jar:/home/prostoede/.m2/repository/org/springframework/boot/spring-boot-starter-json/3.3.1/spring-boot-starter-json-3.3.1.jar:/home/prostoede/.m2/repository/com/fasterxml/jackson/datatype/jackson-datatype-jdk8/2.17.1/jackson-datatype-jdk8-2.17.1.jar:/home/prostoede/.m2/repository/com/fasterxml/jackson/datatype/jackson-datatype-jsr310/2.17.1/jackson-datatype-jsr310-2.17.1.jar:/home/prostoede/.m2/repository/com/fasterxml/jackson/module/jackson-module-parameter-names/2.17.1/jackson-module-parameter-names-2.17.1.jar:/home/prostoede/.m2/repository/org/springframework/boot/spring-boot-starter-tomcat/3.3.1/spring-boot-starter-tomcat-3.3.1.jar:/home/prostoede/.m2/repository/org/apache/tomcat/embed/tomcat-embed-core/10.1.25/tomcat-embed-core-10.1.25.jar:/home/prostoede/.m2/repository/org/apache/tomcat/embed/tomcat-embed-el/10.1.25/tomcat-embed-el-10.1.25.jar:/home/prostoede/.m2/repository/org/apache/tomcat/embed/tomcat-embed-websocket/10.1.25/tomcat-embed-websocket-10.1.25.jar:/home/prostoede/.m2/repository/org/springframework/spring-web/6.1.10/spring-web-6.1.10.jar:/home/prostoede/.m2/repository/org/springframework/spring-beans/6.1.10/spring-beans-6.1.10.jar:/home/prostoede/.m2/repository/io/micrometer/micrometer-observation/1.13.1/micrometer-observation-1.13.1.jar:/home/prostoede/.m2/repository/io/micrometer/micrometer-commons/1.13.1/micrometer-commons-1.13.1.jar:/home/prostoede/.m2/repository/org/springframework/spring-webmvc/6.1.10/spring-webmvc-6.1.10.jar:/home/prostoede/.m2/repository/org/springframework/spring-context/6.1.10/spring-context-6.1.10.jar:/home/prostoede/.m2/repository/org/springframework/spring-expression/6.1.10/spring-expression-6.1.10.jar:/home/prostoede/.m2/repository/org/mybatis/spring/boot/mybatis-spring-boot-starter/3.0.3/mybatis-spring-boot-starter-3.0.3.jar:/home/prostoede/.m2/repository/org/springframework/boot/spring-boot-starter-jdbc/3.3.1/spring-boot-starter-jdbc-3.3.1.jar:/home/prostoede/.m2/repository/com/zaxxer/HikariCP/5.1.0/HikariCP-5.1.0.jar:/home/prostoede/.m2/repository/org/springframework/spring-jdbc/6.1.10/spring-jdbc-6.1.10.jar:/home/prostoede/.m2/repository/org/mybatis/spring/boot/mybatis-spring-boot-autoconfigure/3.0.3/mybatis-spring-boot-autoconfigure-3.0.3.jar:/home/prostoede/.m2/repository/org/mybatis/mybatis/3.5.14/mybatis-3.5.14.jar:/home/prostoede/.m2/repository/org/mybatis/mybatis-spring/3.0.3/mybatis-spring-3.0.3.jar:/home/prostoede/.m2/repository/org/springframework/boot/spring-boot-starter-data-jdbc/3.3.1/spring-boot-starter-data-jdbc-3.3.1.jar:/home/prostoede/.m2/repository/org/springframework/data/spring-data-jdbc/3.3.1/spring-data-jdbc-3.3.1.jar:/home/prostoede/.m2/repository/org/springframework/data/spring-data-relational/3.3.1/spring-data-relational-3.3.1.jar:/home/prostoede/.m2/repository/org/springframework/data/spring-data-commons/3.3.1/spring-data-commons-3.3.1.jar:/home/prostoede/.m2/repository/org/springframework/spring-tx/6.1.10/spring-tx-6.1.10.jar:/home/prostoede/.m2/repository/org/slf4j/slf4j-api/2.0.13/slf4j-api-2.0.13.jar:/home/prostoede/.m2/repository/org/springdoc/springdoc-openapi-starter-webmvc-ui/2.1.0/springdoc-openapi-starter-webmvc-ui-2.1.0.jar:/home/prostoede/.m2/repository/org/springdoc/springdoc-openapi-starter-webmvc-api/2.1.0/springdoc-openapi-starter-webmvc-api-2.1.0.jar:/home/prostoede/.m2/repository/org/springdoc/springdoc-openapi-starter-common/2.1.0/springdoc-openapi-starter-common-2.1.0.jar:/home/prostoede/.m2/repository/io/swagger/core/v3/swagger-core-jakarta/2.2.9/swagger-core-jakarta-2.2.9.jar:/home/prostoede/.m2/repository/org/apache/commons/commons-lang3/3.14.0/commons-lang3-3.14.0.jar:/home/prostoede/.m2/repository/io/swagger/core/v3/swagger-annotations-jakarta/2.2.9/swagger-annotations-jakarta-2.2.9.jar:/home/prostoede/.m2/repository/io/swagger/core/v3/swagger-models-jakarta/2.2.9/swagger-models-jakarta-2.2.9.jar:/home/prostoede/.m2/repository/com/fasterxml/jackson/dataformat/jackson-dataformat-yaml/2.17.1/jackson-dataformat-yaml-2.17.1.jar:/home/prostoede/.m2/repository/org/webjars/swagger-ui/4.18.2/swagger-ui-4.18.2.jar:/home/prostoede/.m2/repository/org/springframework/boot/spring-boot-starter-data-jpa/3.3.1/spring-boot-starter-data-jpa-3.3.1.jar:/home/prostoede/.m2/repository/org/springframework/boot/spring-boot-starter-aop/3.3.1/spring-boot-starter-aop-3.3.1.jar:/home/prostoede/.m2/repository/org/aspectj/aspectjweaver/1.9.22/aspectjweaver-1.9.22.jar:/home/prostoede/.m2/repository/org/hibernate/orm/hibernate-core/6.5.2.Final/hibernate-core-6.5.2.Final.jar:/home/prostoede/.m2/repository/jakarta/persistence/jakarta.persistence-api/3.1.0/jakarta.persistence-api-3.1.0.jar:/home/prostoede/.m2/repository/jakarta/transaction/jakarta.transaction-api/2.0.1/jakarta.transaction-api-2.0.1.jar:/home/prostoede/.m2/repository/org/jboss/logging/jboss-logging/3.5.3.Final/jboss-logging-3.5.3.Final.jar:/home/prostoede/.m2/repository/org/hibernate/common/hibernate-commons-annotations/6.0.6.Final/hibernate-commons-annotations-6.0.6.Final.jar:/home/prostoede/.m2/repository/io/smallrye/jandex/3.1.2/jandex-3.1.2.jar:/home/prostoede/.m2/repository/com/fasterxml/classmate/1.7.0/classmate-1.7.0.jar:/home/prostoede/.m2/repository/net/bytebuddy/byte-buddy/1.14.17/byte-buddy-1.14.17.jar:/home/prostoede/.m2/repository/org/glassfish/jaxb/jaxb-runtime/4.0.5/jaxb-runtime-4.0.5.jar:/home/prostoede/.m2/repository/org/glassfish/jaxb/jaxb-core/4.0.5/jaxb-core-4.0.5.jar:/home/prostoede/.m2/repository/org/eclipse/angus/angus-activation/2.0.2/angus-activation-2.0.2.jar:/home/prostoede/.m2/repository/org/glassfish/jaxb/txw2/4.0.5/txw2-4.0.5.jar:/home/prostoede/.m2/repository/com/sun/istack/istack-commons-runtime/4.1.2/istack-commons-runtime-4.1.2.jar:/home/prostoede/.m2/repository/jakarta/inject/jakarta.inject-api/2.0.1/jakarta.inject-api-2.0.1.jar:/home/prostoede/.m2/repository/org/antlr/antlr4-runtime/4.13.0/antlr4-runtime-4.13.0.jar:/home/prostoede/.m2/repository/org/springframework/data/spring-data-jpa/3.3.1/spring-data-jpa-3.3.1.jar:/home/prostoede/.m2/repository/org/springframework/spring-orm/6.1.10/spring-orm-6.1.10.jar:/home/prostoede/.m2/repository/org/springframework/spring-aspects/6.1.10/spring-aspects-6.1.10.jar:/home/prostoede/.m2/repository/org/springframework/boot/spring-boot-starter-security/3.3.1/spring-boot-starter-security-3.3.1.jar:/home/prostoede/.m2/repository/org/springframework/spring-aop/6.1.10/spring-aop-6.1.10.jar:/home/prostoede/.m2/repository/org/springframework/security/spring-security-config/6.3.1/spring-security-config-6.3.1.jar:/home/prostoede/.m2/repository/org/springframework/security/spring-security-web/6.3.1/spring-security-web-6.3.1.jar:/home/prostoede/.m2/repository/io/jsonwebtoken/jjwt-api/0.12.3/jjwt-api-0.12.3.jar:/home/prostoede/.m2/repository/io/jsonwebtoken/jjwt-impl/0.12.3/jjwt-impl-0.12.3.jar:/home/prostoede/.m2/repository/io/jsonwebtoken/jjwt-jackson/0.12.3/jjwt-jackson-0.12.3.jar:/home/prostoede/.m2/repository/com/fasterxml/jackson/core/jackson-databind/2.17.1/jackson-databind-2.17.1.jar:/home/prostoede/.m2/repository/com/fasterxml/jackson/core/jackson-annotations/2.17.1/jackson-annotations-2.17.1.jar:/home/prostoede/.m2/repository/com/fasterxml/jackson/core/jackson-core/2.17.1/jackson-core-2.17.1.jar:/home/prostoede/.m2/repository/org/projectlombok/lombok/1.18.32/lombok-1.18.32.jar:/home/prostoede/.m2/repository/org/postgresql/postgresql/42.7.3/postgresql-42.7.3.jar:/home/prostoede/.m2/repository/org/checkerframework/checker-qual/3.42.0/checker-qual-3.42.0.jar:/home/prostoede/.m2/repository/jakarta/validation/jakarta.validation-api/3.0.2/jakarta.validation-api-3.0.2.jar:/home/prostoede/.m2/repository/org/flywaydb/flyway-core/9.5.1/flyway-core-9.5.1.jar:/home/prostoede/.m2/repository/com/electronwill/night-config/toml/3.6.6/toml-3.6.6.jar:/home/prostoede/.m2/repository/com/electronwill/night-config/core/3.6.6/core-3.6.6.jar:/home/prostoede/.m2/repository/org/mybatis/spring/boot/mybatis-spring-boot-starter-test/3.0.3/mybatis-spring-boot-starter-test-3.0.3.jar:/home/prostoede/.m2/repository/org/mybatis/spring/boot/mybatis-spring-boot-test-autoconfigure/3.0.3/mybatis-spring-boot-test-autoconfigure-3.0.3.jar:/home/prostoede/.m2/repository/org/testcontainers/postgresql/1.19.8/postgresql-1.19.8.jar:/home/prostoede/.m2/repository/org/testcontainers/jdbc/1.19.8/jdbc-1.19.8.jar:/home/prostoede/.m2/repository/org/testcontainers/database-commons/1.19.8/database-commons-1.19.8.jar:/home/prostoede/.m2/repository/org/testcontainers/testcontainers/1.19.8/testcontainers-1.19.8.jar:/home/prostoede/.m2/repository/junit/junit/4.13.2/junit-4.13.2.jar:/home/prostoede/.m2/repository/org/hamcrest/hamcrest-core/2.2/hamcrest-core-2.2.jar:/home/prostoede/.m2/repository/org/apache/commons/commons-compress/1.24.0/commons-compress-1.24.0.jar:/home/prostoede/.m2/repository/org/rnorth/duct-tape/duct-tape/1.0.8/duct-tape-1.0.8.jar:/home/prostoede/.m2/repository/org/jetbrains/annotations/17.0.0/annotations-17.0.0.jar:/home/prostoede/.m2/repository/com/github/docker-java/docker-java-api/3.3.6/docker-java-api-3.3.6.jar:/home/prostoede/.m2/repository/com/github/docker-java/docker-java-transport-zerodep/3.3.6/docker-java-transport-zerodep-3.3.6.jar:/home/prostoede/.m2/repository/com/github/docker-java/docker-java-transport/3.3.6/docker-java-transport-3.3.6.jar:/home/prostoede/.m2/repository/net/java/dev/jna/jna/5.13.0/jna-5.13.0.jar:/home/prostoede/.m2/repository/org/springframework/boot/spring-boot-starter-test/3.3.1/spring-boot-starter-test-3.3.1.jar:/home/prostoede/.m2/repository/org/springframework/boot/spring-boot-test/3.3.1/spring-boot-test-3.3.1.jar:/home/prostoede/.m2/repository/org/springframework/boot/spring-boot-test-autoconfigure/3.3.1/spring-boot-test-autoconfigure-3.3.1.jar:/home/prostoede/.m2/repository/com/jayway/jsonpath/json-path/2.9.0/json-path-2.9.0.jar:/home/prostoede/.m2/repository/jakarta/xml/bind/jakarta.xml.bind-api/4.0.2/jakarta.xml.bind-api-4.0.2.jar:/home/prostoede/.m2/repository/jakarta/activation/jakarta.activation-api/2.1.3/jakarta.activation-api-2.1.3.jar:/home/prostoede/.m2/repository/net/minidev/json-smart/2.5.1/json-smart-2.5.1.jar:/home/prostoede/.m2/repository/net/minidev/accessors-smart/2.5.1/accessors-smart-2.5.1.jar:/home/prostoede/.m2/repository/org/ow2/asm/asm/9.6/asm-9.6.jar:/home/prostoede/.m2/repository/org/assertj/assertj-core/3.25.3/assertj-core-3.25.3.jar:/home/prostoede/.m2/repository/org/awaitility/awaitility/4.2.1/awaitility-4.2.1.jar:/home/prostoede/.m2/repository/org/hamcrest/hamcrest/2.2/hamcrest-2.2.jar:/home/prostoede/.m2/repository/org/junit/jupiter/junit-jupiter/5.10.2/junit-jupiter-5.10.2.jar:/home/prostoede/.m2/repository/org/junit/jupiter/junit-jupiter-api/5.10.2/junit-jupiter-api-5.10.2.jar:/home/prostoede/.m2/repository/org/opentest4j/opentest4j/1.3.0/opentest4j-1.3.0.jar:/home/prostoede/.m2/repository/org/junit/platform/junit-platform-commons/1.10.2/junit-platform-commons-1.10.2.jar:/home/prostoede/.m2/repository/org/apiguardian/apiguardian-api/1.1.2/apiguardian-api-1.1.2.jar:/home/prostoede/.m2/repository/org/junit/jupiter/junit-jupiter-params/5.10.2/junit-jupiter-params-5.10.2.jar:/home/prostoede/.m2/repository/org/junit/jupiter/junit-jupiter-engine/5.10.2/junit-jupiter-engine-5.10.2.jar:/home/prostoede/.m2/repository/org/junit/platform/junit-platform-engine/1.10.2/junit-platform-engine-1.10.2.jar:/home/prostoede/.m2/repository/org/mockito/mockito-core/5.11.0/mockito-core-5.11.0.jar:/home/prostoede/.m2/repository/net/bytebuddy/byte-buddy-agent/1.14.17/byte-buddy-agent-1.14.17.jar:/home/prostoede/.m2/repository/org/mockito/mockito-junit-jupiter/5.11.0/mockito-junit-jupiter-5.11.0.jar:/home/prostoede/.m2/repository/org/skyscreamer/jsonassert/1.5.1/jsonassert-1.5.1.jar:/home/prostoede/.m2/repository/com/vaadin/external/google/android-json/0.0.20131108.vaadin1/android-json-0.0.20131108.vaadin1.jar:/home/prostoede/.m2/repository/org/springframework/spring-core/6.1.10/spring-core-6.1.10.jar:/home/prostoede/.m2/repository/org/springframework/spring-jcl/6.1.10/spring-jcl-6.1.10.jar:/home/prostoede/.m2/repository/org/springframework/spring-test/6.1.10/spring-test-6.1.10.jar:/home/prostoede/.m2/repository/org/xmlunit/xmlunit-core/2.9.1/xmlunit-core-2.9.1.jar:/home/prostoede/.m2/repository/org/springframework/security/spring-security-test/6.3.1/spring-security-test-6.3.1.jar:/home/prostoede/.m2/repository/org/springframework/security/spring-security-core/6.3.1/spring-security-core-6.3.1.jar:/home/prostoede/.m2/repository/org/springframework/security/spring-security-crypto/6.3.1/spring-security-crypto-6.3.1.jar:/home/prostoede/.m2/repository/org/jeasy/easy-random-core/4.0.0/easy-random-core-4.0.0.jar:/home/prostoede/.m2/repository/org/objenesis/objenesis/3.0.1/objenesis-3.0.1.jar:/home/prostoede/.m2/repository/io/github/classgraph/classgraph/4.8.29/classgraph-4.8.29.jar:"/>
    <property name="sun.cpu.endian" value="little"/>
    <property name="user.home" value="/home/prostoede"/>
    <property name="user.language" value="ru"/>
    <property name="java.specification.vendor" value="Oracle Corporation"/>
    <property name="java.version.date" value="2024-04-16"/>
    <property name="java.home" value="/home/prostoede/.jdks/openjdk-22.0.1"/>
    <property name="file.separator" value="/"/>
    <property name="basedir" value="/home/prostoede/Рабочий стол/вкр/project"/>
    <property name="java.vm.compressedOopsMode" value="32-bit"/>
    <property name="line.separator" value="&#10;"/>
    <property name="java.specification.name" value="Java Platform API Specification"/>
    <property name="java.vm.specification.vendor" value="Oracle Corporation"/>
    <property name="FILE_LOG_CHARSET" value="UTF-8"/>
    <property name="java.awt.headless" value="true"/>
    <property name="surefire.real.class.path" value="/home/prostoede/Рабочий стол/вкр/project/target/surefire/surefirebooter-20250429131257335_3.jar"/>
    <property name="sun.management.compiler" value="HotSpot 64-Bit Tiered Compilers"/>
    <property name="java.runtime.version" value="22.0.1+8-16"/>
    <property name="user.name" value="prostoede"/>
    <property name="stdout.encoding" value="UTF-8"/>
    <property name="path.separator" value=":"/>
    <property name="os.version" value="5.15.0-138-generic"/>
    <property name="java.runtime.name" value="OpenJDK Runtime Environment"/>
    <property name="file.encoding" value="UTF-8"/>
    <property name="jnidispatch.path" value="/home/prostoede/.cache/JNA/temp/jna16453986461019352286.tmp"/>
    <property name="java.vm.name" value="OpenJDK 64-Bit Server VM"/>
    <property name="jna.platform.library.path" value="/usr/lib/x86_64-linux-gnu:/lib/x86_64-linux-gnu:/usr/lib64:/lib64:/usr/lib:/lib:/lib/i386-linux-gnu:/usr/local/lib"/>
    <property name="localRepository" value="/home/prostoede/.m2/repository"/>
    <property name="jna.loaded" value="true"/>
    <property name="java.vendor.url.bug" value="https://bugreport.java.com/bugreport/"/>
    <property name="java.io.tmpdir" value="/tmp"/>
    <property name="idea.version" value="2024.3.4.1"/>
    <property name="com.zaxxer.hikari.pool_number" value="1"/>
    <property name="java.version" value="22.0.1"/>
    <property name="user.dir" value="/home/prostoede/Рабочий стол/вкр/project"/>
    <property name="os.arch" value="amd64"/>
    <property name="java.vm.specification.name" value="Java Virtual Machine Specification"/>
    <property name="PID" value="9297"/>
    <property name="CONSOLE_LOG_CHARSET" value="UTF-8"/>
    <property name="native.encoding" value="UTF-8"/>
    <property name="java.library.path" value="/usr/java/packages/lib:/usr/lib64:/lib64:/lib:/usr/lib"/>
    <property name="java.vm.info" value="mixed mode, sharing"/>
    <property name="stderr.encoding" value="UTF-8"/>
    <property name="java.vendor" value="Oracle Corporation"/>
    <property name="java.vm.version" value="22.0.1+8-16"/>
    <property name="sun.io.unicode.encoding" value="UnicodeLittle"/>
    <property name="java.class.version" value="66.0"/>
  </properties>
  <testcase name="update" classname="com.taskmanager.repository.mybatis.mapper.UserMapperTest" time="0.411">
    <system-out><![CDATA[13:13:16.308 [main] INFO org.testcontainers.images.PullPolicy -- Image pull policy will be performed by: DefaultPullPolicy()
13:13:16.440 [main] INFO org.testcontainers.utility.ImageNameSubstitutor -- Image name substitution will be performed by: DefaultImageNameSubstitutor (composite of 'ConfigurationFileImageNameSubstitutor' and 'PrefixingImageNameSubstitutor')
13:13:19.566 [main] INFO org.testcontainers.dockerclient.DockerClientProviderStrategy -- Found Docker environment with local Unix socket (unix:///var/run/docker.sock)
13:13:19.621 [main] INFO org.testcontainers.DockerClientFactory -- Docker host IP address is localhost
13:13:19.707 [main] INFO org.testcontainers.DockerClientFactory -- Connected to docker: 
  Server Version: 27.5.1
  API Version: 1.47
  Operating System: Ubuntu Core 22
  Total Memory: 7833 MB
13:13:19.871 [main] INFO tc.testcontainers/ryuk:0.7.0 -- Pulling docker image: testcontainers/ryuk:0.7.0. Please be patient; this may take some time but only needs to be done once.
13:13:19.909 [main] INFO org.testcontainers.utility.RegistryAuthLocator -- Failure when attempting to lookup auth config. Please ignore if you don't have images in an authenticated registry. Details: (dockerImageName: testcontainers/ryuk:latest, configFile: /home/prostoede/.docker/config.json, configEnv: DOCKER_AUTH_CONFIG). Falling back to docker-java default behaviour. Exception message: Status 404: No config supplied. Checked in order: /home/prostoede/.docker/config.json (file not found), DOCKER_AUTH_CONFIG (not set)
13:13:22.360 [docker-java-stream-516338723] INFO tc.testcontainers/ryuk:0.7.0 -- Starting to pull image
13:13:22.480 [docker-java-stream-516338723] INFO tc.testcontainers/ryuk:0.7.0 -- Pulling image layers:  0 pending,  0 downloaded,  0 extracted, (0 bytes/0 bytes)
13:13:23.799 [docker-java-stream-516338723] INFO tc.testcontainers/ryuk:0.7.0 -- Pulling image layers:  2 pending,  1 downloaded,  0 extracted, (203 KB/? MB)
13:13:24.428 [docker-java-stream-516338723] INFO tc.testcontainers/ryuk:0.7.0 -- Pulling image layers:  1 pending,  2 downloaded,  0 extracted, (4 MB/? MB)
13:13:24.445 [docker-java-stream-516338723] INFO tc.testcontainers/ryuk:0.7.0 -- Pulling image layers:  0 pending,  3 downloaded,  0 extracted, (4 MB/6 MB)
13:13:24.997 [docker-java-stream-516338723] INFO tc.testcontainers/ryuk:0.7.0 -- Pulling image layers:  0 pending,  3 downloaded,  1 extracted, (5 MB/6 MB)
13:13:25.295 [docker-java-stream-516338723] INFO tc.testcontainers/ryuk:0.7.0 -- Pulling image layers:  0 pending,  3 downloaded,  2 extracted, (5 MB/6 MB)
13:13:25.646 [docker-java-stream-516338723] INFO tc.testcontainers/ryuk:0.7.0 -- Pulling image layers:  0 pending,  3 downloaded,  3 extracted, (6 MB/6 MB)
13:13:25.694 [docker-java-stream-516338723] INFO tc.testcontainers/ryuk:0.7.0 -- Pull complete. 3 layers, pulled in 3s (downloaded 6 MB at 2 MB/s)
13:13:25.694 [main] INFO tc.testcontainers/ryuk:0.7.0 -- Image testcontainers/ryuk:0.7.0 pull took PT5.822600841S
13:13:26.000 [main] INFO tc.testcontainers/ryuk:0.7.0 -- Creating container for image: testcontainers/ryuk:0.7.0
13:13:26.433 [main] INFO tc.testcontainers/ryuk:0.7.0 -- Container testcontainers/ryuk:0.7.0 is starting: 1670e720c3c10da93d4c8e50ca1bb1d9adaed3ae46d83e90326fa9b73cfc4866
13:13:29.428 [main] INFO tc.testcontainers/ryuk:0.7.0 -- Container testcontainers/ryuk:0.7.0 started in PT3.428629162S
13:13:29.450 [main] INFO org.testcontainers.utility.RyukResourceReaper -- Ryuk started - will monitor and terminate Testcontainers containers on JVM exit
13:13:29.450 [main] INFO org.testcontainers.DockerClientFactory -- Checking the system...
13:13:29.463 [main] INFO org.testcontainers.DockerClientFactory -- ✔︎ Docker server version should be at least 1.6.0
13:13:29.471 [main] INFO tc.postgres:15.5-alpine -- Pulling docker image: postgres:15.5-alpine. Please be patient; this may take some time but only needs to be done once.
13:13:31.597 [docker-java-stream--977821900] INFO tc.postgres:15.5-alpine -- Starting to pull image
13:13:31.601 [docker-java-stream--977821900] INFO tc.postgres:15.5-alpine -- Pulling image layers:  0 pending,  0 downloaded,  0 extracted, (0 bytes/0 bytes)
13:13:32.908 [docker-java-stream--977821900] INFO tc.postgres:15.5-alpine -- Pulling image layers:  8 pending,  1 downloaded,  0 extracted, (116 bytes/? MB)
13:13:32.921 [docker-java-stream--977821900] INFO tc.postgres:15.5-alpine -- Pulling image layers:  7 pending,  2 downloaded,  0 extracted, (1 KB/? MB)
13:13:32.974 [docker-java-stream--977821900] INFO tc.postgres:15.5-alpine -- Pulling image layers:  7 pending,  2 downloaded,  1 extracted, (1 KB/? MB)
13:13:33.028 [docker-java-stream--977821900] INFO tc.postgres:15.5-alpine -- Pulling image layers:  7 pending,  2 downloaded,  2 extracted, (1 KB/? MB)
13:13:33.861 [docker-java-stream--977821900] INFO tc.postgres:15.5-alpine -- Pulling image layers:  6 pending,  3 downloaded,  2 extracted, (6 MB/? MB)
13:13:34.874 [docker-java-stream--977821900] INFO tc.postgres:15.5-alpine -- Pulling image layers:  5 pending,  4 downloaded,  2 extracted, (15 MB/? MB)
13:13:35.487 [docker-java-stream--977821900] INFO tc.postgres:15.5-alpine -- Pulling image layers:  4 pending,  5 downloaded,  2 extracted, (22 MB/? MB)
13:13:36.722 [docker-java-stream--977821900] INFO tc.postgres:15.5-alpine -- Pulling image layers:  3 pending,  6 downloaded,  2 extracted, (34 MB/? MB)
13:13:36.893 [docker-java-stream--977821900] INFO tc.postgres:15.5-alpine -- Pulling image layers:  2 pending,  7 downloaded,  2 extracted, (35 MB/? MB)
13:13:42.664 [docker-java-stream--977821900] INFO tc.postgres:15.5-alpine -- Pulling image layers:  1 pending,  8 downloaded,  2 extracted, (86 MB/? MB)
13:13:55.289 [docker-java-stream--977821900] INFO tc.postgres:15.5-alpine -- Pulling image layers:  1 pending,  8 downloaded,  3 extracted, (87 MB/? MB)
13:13:55.352 [docker-java-stream--977821900] INFO tc.postgres:15.5-alpine -- Pulling image layers:  1 pending,  8 downloaded,  4 extracted, (87 MB/? MB)
13:13:55.420 [docker-java-stream--977821900] INFO tc.postgres:15.5-alpine -- Pulling image layers:  1 pending,  8 downloaded,  5 extracted, (87 MB/? MB)
13:13:55.474 [docker-java-stream--977821900] INFO tc.postgres:15.5-alpine -- Pulling image layers:  1 pending,  8 downloaded,  6 extracted, (87 MB/? MB)
13:13:55.531 [docker-java-stream--977821900] INFO tc.postgres:15.5-alpine -- Pulling image layers:  1 pending,  8 downloaded,  7 extracted, (87 MB/? MB)
13:13:55.592 [docker-java-stream--977821900] INFO tc.postgres:15.5-alpine -- Pulling image layers:  1 pending,  8 downloaded,  8 extracted, (87 MB/? MB)
13:13:55.638 [docker-java-stream--977821900] INFO tc.postgres:15.5-alpine -- Pull complete. 9 layers, pulled in 24s (downloaded 87 MB at 3 MB/s)
13:13:55.640 [main] INFO tc.postgres:15.5-alpine -- Image postgres:15.5-alpine pull took PT26.168539083S
13:13:55.665 [main] INFO tc.postgres:15.5-alpine -- Creating container for image: postgres:15.5-alpine
13:13:55.868 [main] INFO tc.postgres:15.5-alpine -- Container postgres:15.5-alpine is starting: 405c01e847f11e67ff276682c397c461903057015f25f39ed951b34ff779aed3
13:14:02.075 [main] INFO tc.postgres:15.5-alpine -- Container postgres:15.5-alpine started in PT6.410343407S
13:14:02.077 [main] INFO tc.postgres:15.5-alpine -- Container is started (JDBC URL: jdbc:postgresql://localhost:32769/test?loggerLevel=OFF)
13:14:03.290 [main] INFO org.springframework.test.context.support.AnnotationConfigContextLoaderUtils -- Could not detect default configuration classes for test class [com.taskmanager.repository.mybatis.mapper.UserMapperTest]: UserMapperTest does not declare any static, non-private, non-final, nested classes annotated with @Configuration.
13:14:04.278 [main] INFO org.springframework.boot.test.context.SpringBootTestContextBootstrapper -- Found @SpringBootConfiguration com.taskmanager.Main for test class com.taskmanager.repository.mybatis.mapper.UserMapperTest

  .   ____          _            __ _ _
 /\\ / ___'_ __ _ _(_)_ __  __ _ \ \ \ \
( ( )\___ | '_ | '_| | '_ \/ _` | \ \ \ \
 \\/  ___)| |_)| | | | | || (_| |  ) ) ) )
  '  |____| .__|_| |_|_| |_\__, | / / / /
 =========|_|==============|___/=/_/_/_/

 :: Spring Boot ::                (v3.3.1)

2025-04-29T13:14:09.690+07:00  INFO 9297 --- [           main] c.t.r.mybatis.mapper.UserMapperTest      : Starting UserMapperTest using Java 22.0.1 with PID 9297 (started by prostoede in /home/prostoede/Рабочий стол/вкр/project)
2025-04-29T13:14:09.756+07:00  INFO 9297 --- [           main] c.t.r.mybatis.mapper.UserMapperTest      : No active profile set, falling back to 1 default profile: "default"
2025-04-29T13:14:19.631+07:00  INFO 9297 --- [           main] o.f.c.internal.license.VersionPrinter    : Flyway Community Edition 9.5.1 by Redgate
2025-04-29T13:14:19.632+07:00  INFO 9297 --- [           main] o.f.c.internal.license.VersionPrinter    : See what's new here: https://flywaydb.org/documentation/learnmore/releaseNotes#9.5.1
2025-04-29T13:14:19.632+07:00  INFO 9297 --- [           main] o.f.c.internal.license.VersionPrinter    : 
2025-04-29T13:14:19.796+07:00  INFO 9297 --- [           main] com.zaxxer.hikari.HikariDataSource       : HikariPool-1 - Starting...
2025-04-29T13:14:21.587+07:00  INFO 9297 --- [           main] com.zaxxer.hikari.pool.HikariPool        : HikariPool-1 - Added connection org.postgresql.jdbc.PgConnection@2aeb7c4c
2025-04-29T13:14:21.591+07:00  INFO 9297 --- [           main] com.zaxxer.hikari.HikariDataSource       : HikariPool-1 - Start completed.
2025-04-29T13:14:21.805+07:00  INFO 9297 --- [           main] o.f.c.i.database.base.BaseDatabaseType   : Database: jdbc:postgresql://localhost:32769/test (PostgreSQL 15.5)
2025-04-29T13:14:22.074+07:00  INFO 9297 --- [           main] o.f.core.internal.command.DbValidate     : Successfully validated 2 migrations (execution time 00:00.113s)
2025-04-29T13:14:22.161+07:00  INFO 9297 --- [           main] o.f.c.i.s.JdbcTableSchemaHistory         : Creating Schema History table "public"."flyway_schema_history" ...
2025-04-29T13:14:22.397+07:00  INFO 9297 --- [           main] o.f.core.internal.command.DbMigrate      : Current version of schema "public": << Empty Schema >>
2025-04-29T13:14:22.555+07:00  INFO 9297 --- [           main] o.f.core.internal.command.DbMigrate      : Migrating schema "public" to version "0000 - init schema"
2025-04-29T13:14:22.880+07:00  INFO 9297 --- [           main] o.f.core.internal.command.DbMigrate      : Migrating schema "public" to version "0001 - add constraint"
2025-04-29T13:14:22.960+07:00  INFO 9297 --- [           main] o.f.core.internal.command.DbMigrate      : Successfully applied 2 migrations to schema "public", now at version v0001 (execution time 00:00.584s)
2025-04-29T13:14:24.061+07:00  INFO 9297 --- [           main] c.t.r.mybatis.mapper.UserMapperTest      : Started UserMapperTest in 18.852 seconds (process running for 86.001)
]]></system-out>
  </testcase>
  <testcase name="findUsers" classname="com.taskmanager.repository.mybatis.mapper.UserMapperTest" time="0.026"/>
  <testcase name="save_and_getById" classname="com.taskmanager.repository.mybatis.mapper.UserMapperTest" time="0.017"/>
  <testcase name="getByLogin" classname="com.taskmanager.repository.mybatis.mapper.UserMapperTest" time="0.019"/>
</testsuite>